{"logTime": "0305/125954", "correlationVector":"BglBQoVEfgbfjnfPiMCty4.0","action":"FeedSettingFetch_homeCloud", "result":"0", "context":{}}
{"logTime": "0305/125954", "correlationVector":"Z3M8M8G1vXN2QFxSMoQVy/.1","action":"SyncServerConnectionManagerRequest", "result":"SYNC_SERVER_OK", "context":{"environment":"Prod_SoutheastAsia_000j", "server":"general0100000O"}}
{"logTime": "0305/125954", "correlationVector":"Z3M8M8G1vXN2QFxSMoQVy/","action":"Initial GetUpdates", "result":"", "context":Reason: NEW_CLIENT. cV=Z3M8M8G1vXN2QFxSMoQVy/}
{"logTime": "0305/125954", "correlationVector":"Z3M8M8G1vXN2QFxSMoQVy/.2","action":"GetUpdates Response", "result":"SYNCER_OK", "context":Received 1 update(s). cV=Z3M8M8G1vXN2QFxSMoQVy/.0;server=general0100000O;cloudType=Consumer;environment=Prod_SoutheastAsia_000j}
{"logTime": "0305/125954", "correlationVector":"wsBGusqvhaUSeqEuxIYU7Q","action":"SyncServerConnectionManagerRequest", "result":"SYNC_SERVER_OK", "context":{"environment":"", "server":""}}
{"logTime": "0305/125954", "correlationVector":"Vte/1iCoXe5+13/s0Msx6J","action":"Initial GetUpdates", "result":"", "context":Reason: NEW_CLIENT. cV=Vte/1iCoXe5+13/s0Msx6J}
{"logTime": "0305/125954", "correlationVector":"Vte/1iCoXe5+13/s0Msx6J.1","action":"SyncServerConnectionManagerRequest", "result":"SYNC_SERVER_OK", "context":{"environment":"Prod_SoutheastAsia_000j", "server":"general0100000K"}}
{"logTime": "0305/125954", "correlationVector":"Vte/1iCoXe5+13/s0Msx6J.2","action":"GetUpdates Response", "result":"SYNCER_OK", "context":Received 37 update(s). cV=Vte/1iCoXe5+13/s0Msx6J.0;server=general0100000K;cloudType=Consumer;environment=Prod_SoutheastAsia_000j}
{"logTime": "0305/125954", "correlationVector":"uuXone0Dbq0/K3AVUfhZwz","action":"Normal GetUpdate request", "result":"", "context":cV=uuXone0Dbq0/K3AVUfhZwz
Nudged types: Device Info, User Consents
Refresh requested types: Device Info, User Consents, Send Tab To Self, Encryption Keys}
{"logTime": "0305/125955", "correlationVector":"uuXone0Dbq0/K3AVUfhZwz.1","action":"SyncServerConnectionManagerRequest", "result":"SYNC_SERVER_OK", "context":{"environment":"Prod_SoutheastAsia_000j", "server":"general01000011"}}
{"logTime": "0305/125955", "correlationVector":"uuXone0Dbq0/K3AVUfhZwz.2","action":"GetUpdates Response", "result":"SYNCER_OK", "context":Received 0 update(s). cV=uuXone0Dbq0/K3AVUfhZwz.0;server=general01000011;cloudType=Consumer;environment=Prod_SoutheastAsia_000j}
{"logTime": "0305/125955", "correlationVector":"QPF/ZbmC1sw9WkdzCtBpPN","action":"Commit Request", "result":"", "context":Item count: 1
Contributing types: Device Info}
{"logTime": "0305/125955", "correlationVector":"QPF/ZbmC1sw9WkdzCtBpPN.1","action":"SyncServerConnectionManagerRequest", "result":"SYNC_SERVER_OK", "context":{"environment":"Prod_SoutheastAsia_000j", "server":"general0100000X"}}
{"logTime": "0305/125955", "correlationVector":"QPF/ZbmC1sw9WkdzCtBpPN.2","action":"Commit Response", "result":"SYNCER_OK", "context":Result: SYNCER_OK. cV=QPF/ZbmC1sw9WkdzCtBpPN.0;server=general0100000X;cloudType=Consumer;environment=Prod_SoutheastAsia_000j}
{"logTime": "0305/125955", "correlationVector":"+Dp4tm63OSUZJn2QMm9qcA","action":"Commit Request", "result":"", "context":Item count: 2
Contributing types: User Consents}
{"logTime": "0305/125955", "correlationVector":"+Dp4tm63OSUZJn2QMm9qcA.1","action":"SyncServerConnectionManagerRequest", "result":"SYNC_SERVER_OK", "context":{"environment":"Prod_SoutheastAsia_000j", "server":"general01000008"}}
{"logTime": "0305/125955", "correlationVector":"+Dp4tm63OSUZJn2QMm9qcA.2","action":"Commit Response", "result":"SYNCER_OK", "context":Result: SYNCER_OK. cV=+Dp4tm63OSUZJn2QMm9qcA.0;server=general01000008;cloudType=Consumer;environment=Prod_SoutheastAsia_000j}
{"logTime": "0305/125955", "correlationVector":"0ILHWW/ty33KsQNeJMcaON","action":"Normal GetUpdate request", "result":"", "context":cV=0ILHWW/ty33KsQNeJMcaON
Nudged types: Device Info}
{"logTime": "0305/125955", "correlationVector":"0ILHWW/ty33KsQNeJMcaON.1","action":"SyncServerConnectionManagerRequest", "result":"SYNC_SERVER_OK", "context":{"environment":"Prod_SoutheastAsia_000j", "server":"general0100001A"}}
{"logTime": "0305/125955", "correlationVector":"0ILHWW/ty33KsQNeJMcaON.2","action":"GetUpdates Response", "result":"SYNCER_OK", "context":Received 1 update(s). cV=0ILHWW/ty33KsQNeJMcaON.0;server=general0100001A;cloudType=Consumer;environment=Prod_SoutheastAsia_000j}
{"logTime": "0305/130257", "correlationVector":"QCLyK7kng/e5fF4fnhtF5h.0","action":"FeedSettingFetch_homeCloud", "result":"0", "context":{}}
{"logTime": "0305/130257", "correlationVector":"mQCkFSuyYrPjI1IaueDOW/.1","action":"SyncServerConnectionManagerRequest", "result":"SYNC_SERVER_OK", "context":{"environment":"Prod_SoutheastAsia_000j", "server":"general01000019"}}
{"logTime": "0305/130257", "correlationVector":"mQCkFSuyYrPjI1IaueDOW/","action":"Initial GetUpdates", "result":"", "context":Reason: NEW_CLIENT. cV=mQCkFSuyYrPjI1IaueDOW/}
{"logTime": "0305/130257", "correlationVector":"mQCkFSuyYrPjI1IaueDOW/.2","action":"GetUpdates Response", "result":"SYNCER_OK", "context":Received 1 update(s). cV=mQCkFSuyYrPjI1IaueDOW/.0;server=general01000019;cloudType=Consumer;environment=Prod_SoutheastAsia_000j}
{"logTime": "0305/130257", "correlationVector":"30RpAJC59XF7z8w/rwfw6Q","action":"Normal GetUpdate request", "result":"", "context":cV=30RpAJC59XF7z8w/rwfw6Q
Nudged types: User Consents
Refresh requested types: Device Info, User Consents, Send Tab To Self, Encryption Keys}
{"logTime": "0305/130257", "correlationVector":"30RpAJC59XF7z8w/rwfw6Q.1","action":"SyncServerConnectionManagerRequest", "result":"SYNC_SERVER_OK", "context":{"environment":"Prod_SoutheastAsia_000j", "server":"general0100000X"}}
{"logTime": "0305/130257", "correlationVector":"30RpAJC59XF7z8w/rwfw6Q.2","action":"GetUpdates Response", "result":"SYNCER_OK", "context":Received 0 update(s). cV=30RpAJC59XF7z8w/rwfw6Q.0;server=general0100000X;cloudType=Consumer;environment=Prod_SoutheastAsia_000j}
{"logTime": "0305/130257", "correlationVector":"OM0mrHqyIIBajxaSA7NCyg","action":"Commit Request", "result":"", "context":Item count: 1
Contributing types: User Consents}
{"logTime": "0305/130257", "correlationVector":"OM0mrHqyIIBajxaSA7NCyg.1","action":"SyncServerConnectionManagerRequest", "result":"SYNC_SERVER_OK", "context":{"environment":"Prod_SoutheastAsia_000j", "server":"general01000015"}}
{"logTime": "0305/130257", "correlationVector":"OM0mrHqyIIBajxaSA7NCyg.2","action":"Commit Response", "result":"SYNCER_OK", "context":Result: SYNCER_OK. cV=OM0mrHqyIIBajxaSA7NCyg.0;server=general01000015;cloudType=Consumer;environment=Prod_SoutheastAsia_000j}
{"logTime": "0305/130258", "correlationVector":"01iB61bVxmcAip66ZDkbIe","action":"SyncServerConnectionManagerRequest", "result":"SYNC_SERVER_OK", "context":{"environment":"", "server":""}}
{"logTime": "0305/130258", "correlationVector":"8upX/m0ISwjxk25Wo5Ds9U","action":"Initial GetUpdates", "result":"", "context":Reason: RECONFIGURATION. cV=8upX/m0ISwjxk25Wo5Ds9U}
{"logTime": "0305/130258", "correlationVector":"8upX/m0ISwjxk25Wo5Ds9U.1","action":"SyncServerConnectionManagerRequest", "result":"SYNC_SERVER_OK", "context":{"environment":"Prod_SoutheastAsia_000j", "server":"general01000019"}}
{"logTime": "0305/130258", "correlationVector":"8upX/m0ISwjxk25Wo5Ds9U.2","action":"GetUpdates Response", "result":"SYNCER_OK", "context":Received 41 update(s). cV=8upX/m0ISwjxk25Wo5Ds9U.0;server=general01000019;cloudType=Consumer;environment=Prod_SoutheastAsia_000j}
{"logTime": "0305/130258", "correlationVector":"GVuYHPiDSNavTEjZ+f7og5","action":"Initial GetUpdates", "result":"", "context":Reason: NEWLY_SUPPORTED_DATATYPE. cV=GVuYHPiDSNavTEjZ+f7og5}
{"logTime": "0305/130258", "correlationVector":"GVuYHPiDSNavTEjZ+f7og5.1","action":"SyncServerConnectionManagerRequest", "result":"SYNC_SERVER_OK", "context":{"environment":"Prod_SoutheastAsia_000j", "server":"general01000002"}}
{"logTime": "0305/130258", "correlationVector":"GVuYHPiDSNavTEjZ+f7og5.2","action":"GetUpdates Response", "result":"SYNCER_OK", "context":Received 16 update(s). cV=GVuYHPiDSNavTEjZ+f7og5.0;server=general01000002;cloudType=Consumer;environment=Prod_SoutheastAsia_000j}
{"logTime": "0305/130258", "correlationVector":"7Bfh69dXXbZVPAldqqcvns","action":"Initial GetUpdates", "result":"", "context":Reason: NEWLY_SUPPORTED_DATATYPE. cV=7Bfh69dXXbZVPAldqqcvns}
{"logTime": "0305/130259", "correlationVector":"7Bfh69dXXbZVPAldqqcvns.1","action":"SyncServerConnectionManagerRequest", "result":"SYNC_SERVER_OK", "context":{"environment":"Prod_SoutheastAsia_000j", "server":"general01000008"}}
{"logTime": "0305/130259", "correlationVector":"7Bfh69dXXbZVPAldqqcvns.2","action":"GetUpdates", "result":"DeleteReceived", "context":{"id":"f8d53aaa-d564-4fb4-9d38-b582c4318999", "isDeleted:":"true", "version":"1670949221038"}}
{"logTime": "0305/130259", "correlationVector":"7Bfh69dXXbZVPAldqqcvns.3","action":"GetUpdates", "result":"DeleteReceived", "context":{"id":"4af1b8bf-33ac-4bf2-b08a-b93bc43e6406", "isDeleted:":"true", "version":"1671626432066"}}
{"logTime": "0305/130259", "correlationVector":"7Bfh69dXXbZVPAldqqcvns.4","action":"GetUpdates", "result":"DeleteReceived", "context":{"id":"e01784f2-11fa-42c7-b733-7de3c69bb6fd", "isDeleted:":"true", "version":"1671952160265"}}
{"logTime": "0305/130259", "correlationVector":"7Bfh69dXXbZVPAldqqcvns.5","action":"GetUpdates", "result":"DeleteReceived", "context":{"id":"39bb0b2e-7d12-4408-8721-62608cd419ce", "isDeleted:":"true", "version":"1676379120156"}}
{"logTime": "0305/130259", "correlationVector":"7Bfh69dXXbZVPAldqqcvns.6","action":"GetUpdates", "result":"DeleteReceived", "context":{"id":"f4dfb584-633c-41c0-b001-6ae8a3bf103e", "isDeleted:":"true", "version":"1676617087620"}}
{"logTime": "0305/130259", "correlationVector":"7Bfh69dXXbZVPAldqqcvns.7","action":"GetUpdates", "result":"DeleteReceived", "context":{"id":"89e356e6-9d9b-4095-83ae-24f0bcfb54af", "isDeleted:":"true", "version":"1676619564164"}}
{"logTime": "0305/130259", "correlationVector":"7Bfh69dXXbZVPAldqqcvns.8","action":"GetUpdates", "result":"DeleteReceived", "context":{"id":"4b0175dd-7b5a-41c7-888a-67f0da8bfb5a", "isDeleted:":"true", "version":"1676808980416"}}
{"logTime": "0305/130259", "correlationVector":"7Bfh69dXXbZVPAldqqcvns.9","action":"GetUpdates", "result":"DeleteReceived", "context":{"id":"b8571c31-7afe-4d54-b675-0f1332e3f26d", "isDeleted:":"true", "version":"1676812469734"}}
{"logTime": "0305/130259", "correlationVector":"7Bfh69dXXbZVPAldqqcvns.10","action":"GetUpdates", "result":"DeleteReceived", "context":{"id":"86a22504-7555-4182-b1fd-2fe020200768", "isDeleted:":"true", "version":"1676825974236"}}
{"logTime": "0305/130259", "correlationVector":"7Bfh69dXXbZVPAldqqcvns.11","action":"GetUpdates", "result":"DeleteReceived", "context":{"id":"dc8a6677-6bc2-4c1a-a30c-a8b3da3f413a", "isDeleted:":"true", "version":"1676881565521"}}
{"logTime": "0305/130259", "correlationVector":"7Bfh69dXXbZVPAldqqcvns.12","action":"GetUpdates", "result":"DeleteReceived", "context":{"id":"ca24bcb9-6db6-4750-8e31-72dff657c1be", "isDeleted:":"true", "version":"1676905339791"}}
{"logTime": "0305/130259", "correlationVector":"7Bfh69dXXbZVPAldqqcvns.13","action":"GetUpdates", "result":"DeleteReceived", "context":{"id":"07e491d6-69f3-485a-a75b-7e4fe354163c", "isDeleted:":"true", "version":"1676905889009"}}
{"logTime": "0305/130259", "correlationVector":"7Bfh69dXXbZVPAldqqcvns.14","action":"GetUpdates", "result":"DeleteReceived", "context":{"id":"5fae0756-ac0d-4037-8d03-12d47e2ae701", "isDeleted:":"true", "version":"1676963638930"}}
{"logTime": "0305/130259", "correlationVector":"7Bfh69dXXbZVPAldqqcvns.15","action":"GetUpdates", "result":"DeleteReceived", "context":{"id":"ce3cbac7-0d70-4525-b38a-e858d81c0419", "isDeleted:":"true", "version":"1676973774789"}}
{"logTime": "0305/130259", "correlationVector":"7Bfh69dXXbZVPAldqqcvns.16","action":"GetUpdates", "result":"DeleteReceived", "context":{"id":"0607b88e-7ac5-46d7-b43d-6db581fc2b6a", "isDeleted:":"true", "version":"1676992485950"}}
{"logTime": "0305/130259", "correlationVector":"7Bfh69dXXbZVPAldqqcvns.17","action":"GetUpdates", "result":"DeleteReceived", "context":{"id":"773382f5-bb0e-4a09-bb3f-2b8f1d8d48bd", "isDeleted:":"true", "version":"1676995640180"}}
{"logTime": "0305/130259", "correlationVector":"7Bfh69dXXbZVPAldqqcvns.18","action":"GetUpdates", "result":"DeleteReceived", "context":{"id":"2b0d0b79-910d-42d5-b305-20bce9c2816d", "isDeleted:":"true", "version":"1677070542597"}}
{"logTime": "0305/130259", "correlationVector":"7Bfh69dXXbZVPAldqqcvns.19","action":"GetUpdates", "result":"DeleteReceived", "context":{"id":"e322b487-b780-41a9-8672-4c174f2d5631", "isDeleted:":"true", "version":"1677070582986"}}
{"logTime": "0305/130259", "correlationVector":"7Bfh69dXXbZVPAldqqcvns.20","action":"GetUpdates", "result":"DeleteReceived", "context":{"id":"e7eed922-91b4-4a0c-a607-40c42970ba23", "isDeleted:":"true", "version":"1677092575416"}}
{"logTime": "0305/130259", "correlationVector":"7Bfh69dXXbZVPAldqqcvns.21","action":"GetUpdates", "result":"DeleteReceived", "context":{"id":"8741b3cf-9761-454a-83bd-5641578ce674", "isDeleted:":"true", "version":"1677128624277"}}
{"logTime": "0305/130259", "correlationVector":"7Bfh69dXXbZVPAldqqcvns.22","action":"GetUpdates", "result":"DeleteReceived", "context":{"id":"d23d21b6-5d76-45bc-8b09-78d137165bc9", "isDeleted:":"true", "version":"1677137809965"}}
{"logTime": "0305/130259", "correlationVector":"7Bfh69dXXbZVPAldqqcvns.23","action":"GetUpdates Response", "result":"SERVER_MORE_TO_DOWNLOAD", "context":Received 249 update(s).  Some updates remain.}
{"logTime": "0305/130259", "correlationVector":"Szetgj+rwdOdL3VfwKu1mo","action":"Initial GetUpdates", "result":"", "context":Reason: NEWLY_SUPPORTED_DATATYPE. cV=Szetgj+rwdOdL3VfwKu1mo}
{"logTime": "0305/130259", "correlationVector":"Szetgj+rwdOdL3VfwKu1mo.1","action":"SyncServerConnectionManagerRequest", "result":"SYNC_SERVER_OK", "context":{"environment":"Prod_SoutheastAsia_000j", "server":"general0100000P"}}
{"logTime": "0305/130259", "correlationVector":"Szetgj+rwdOdL3VfwKu1mo.2","action":"GetUpdates Response", "result":"SERVER_MORE_TO_DOWNLOAD", "context":Received 250 update(s).  Some updates remain.}
{"logTime": "0305/130259", "correlationVector":"LUKcJ6aLG6YsERQZcgVccL","action":"Initial GetUpdates", "result":"", "context":Reason: NEWLY_SUPPORTED_DATATYPE. cV=LUKcJ6aLG6YsERQZcgVccL}
{"logTime": "0305/130259", "correlationVector":"LUKcJ6aLG6YsERQZcgVccL.1","action":"SyncServerConnectionManagerRequest", "result":"SYNC_SERVER_OK", "context":{"environment":"Prod_SoutheastAsia_000j", "server":"general01000003"}}
{"logTime": "0305/130259", "correlationVector":"LUKcJ6aLG6YsERQZcgVccL.2","action":"GetUpdates Response", "result":"SERVER_MORE_TO_DOWNLOAD", "context":Received 250 update(s).  Some updates remain.}
{"logTime": "0305/130259", "correlationVector":"i0j43nL14SaVbvGtXE8S6A","action":"Initial GetUpdates", "result":"", "context":Reason: NEWLY_SUPPORTED_DATATYPE. cV=i0j43nL14SaVbvGtXE8S6A}
{"logTime": "0305/130300", "correlationVector":"i0j43nL14SaVbvGtXE8S6A.1","action":"SyncServerConnectionManagerRequest", "result":"SYNC_SERVER_OK", "context":{"environment":"Prod_SoutheastAsia_000j", "server":"general01000015"}}
{"logTime": "0305/130300", "correlationVector":"i0j43nL14SaVbvGtXE8S6A.2","action":"GetUpdates", "result":"DeleteReceived", "context":{"id":"13d0d4a2-f64b-494c-9fda-b64905f4fb32", "isDeleted:":"true", "version":"1677412499706"}}
{"logTime": "0305/130300", "correlationVector":"i0j43nL14SaVbvGtXE8S6A.3","action":"GetUpdates", "result":"DeleteReceived", "context":{"id":"083a3842-709e-4912-9462-daf63ec0fd7a", "isDeleted:":"true", "version":"1677412499707"}}
{"logTime": "0305/130300", "correlationVector":"i0j43nL14SaVbvGtXE8S6A.4","action":"GetUpdates", "result":"DeleteReceived", "context":{"id":"6e83dce0-ae52-47ff-bec6-b3580fdffba7", "isDeleted:":"true", "version":"1677583102564"}}
{"logTime": "0305/130300", "correlationVector":"i0j43nL14SaVbvGtXE8S6A.5","action":"GetUpdates", "result":"DeleteReceived", "context":{"id":"839d5d24-0f50-4cb9-bd2f-bd0641de15f0", "isDeleted:":"true", "version":"1677583180664"}}
{"logTime": "0305/130300", "correlationVector":"i0j43nL14SaVbvGtXE8S6A.6","action":"GetUpdates", "result":"DeleteReceived", "context":{"id":"2c9e0479-1fdc-476a-9b35-e4e99de73822", "isDeleted:":"true", "version":"1677598171899"}}
{"logTime": "0305/130300", "correlationVector":"i0j43nL14SaVbvGtXE8S6A.7","action":"GetUpdates", "result":"DeleteReceived", "context":{"id":"cc55fc24-2e40-4ca3-8db6-5e2a958a1012", "isDeleted:":"true", "version":"1677598826397"}}
{"logTime": "0305/130300", "correlationVector":"i0j43nL14SaVbvGtXE8S6A.8","action":"GetUpdates", "result":"DeleteReceived", "context":{"id":"5c5c3daa-3024-488e-821a-61fd7f6e90a4", "isDeleted:":"true", "version":"1677647549971"}}
{"logTime": "0305/130300", "correlationVector":"i0j43nL14SaVbvGtXE8S6A.9","action":"GetUpdates", "result":"DeleteReceived", "context":{"id":"e2daef5e-b885-4a7b-8882-3a4f98fc9f8d", "isDeleted:":"true", "version":"1677647636627"}}
{"logTime": "0305/130300", "correlationVector":"i0j43nL14SaVbvGtXE8S6A.10","action":"GetUpdates", "result":"DeleteReceived", "context":{"id":"f2a6500a-5d57-43f9-910f-4512bd2db3e8", "isDeleted:":"true", "version":"1677647794946"}}
{"logTime": "0305/130300", "correlationVector":"i0j43nL14SaVbvGtXE8S6A.11","action":"GetUpdates", "result":"DeleteReceived", "context":{"id":"b24ba06f-b3ba-4d17-9261-ce1d99b1616c", "isDeleted:":"true", "version":"1677648020605"}}
{"logTime": "0305/130300", "correlationVector":"i0j43nL14SaVbvGtXE8S6A.12","action":"GetUpdates", "result":"DeleteReceived", "context":{"id":"f4f986b2-fbd8-493b-8367-b140ea1d5d89", "isDeleted:":"true", "version":"1677648097782"}}
{"logTime": "0305/130300", "correlationVector":"i0j43nL14SaVbvGtXE8S6A.13","action":"GetUpdates", "result":"DeleteReceived", "context":{"id":"69224e70-9943-4426-abb4-7ca3dfdf0205", "isDeleted:":"true", "version":"1677762905633"}}
{"logTime": "0305/130300", "correlationVector":"i0j43nL14SaVbvGtXE8S6A.14","action":"GetUpdates", "result":"DeleteReceived", "context":{"id":"87f99e4d-5423-42cd-9c80-a58b95cb75c2", "isDeleted:":"true", "version":"1677764321721"}}
{"logTime": "0305/130300", "correlationVector":"i0j43nL14SaVbvGtXE8S6A.15","action":"GetUpdates", "result":"DeleteReceived", "context":{"id":"3a5a87fc-7fd4-4ff3-95c5-b99c61795ee3", "isDeleted:":"true", "version":"1677764679919"}}
{"logTime": "0305/130300", "correlationVector":"i0j43nL14SaVbvGtXE8S6A.16","action":"GetUpdates", "result":"DeleteReceived", "context":{"id":"935ce472-e73e-4b7b-be1c-e24ba307b081", "isDeleted:":"true", "version":"1677849332916"}}
{"logTime": "0305/130300", "correlationVector":"i0j43nL14SaVbvGtXE8S6A.17","action":"GetUpdates", "result":"DeleteReceived", "context":{"id":"5ebabc4e-bdff-44fe-88e7-300a7185b575", "isDeleted:":"true", "version":"1677940371737"}}
{"logTime": "0305/130300", "correlationVector":"i0j43nL14SaVbvGtXE8S6A.18","action":"GetUpdates", "result":"DeleteReceived", "context":{"id":"7f835d01-5e54-4671-a2fb-0280acf25aa6", "isDeleted:":"true", "version":"1677993428118"}}
{"logTime": "0305/130300", "correlationVector":"i0j43nL14SaVbvGtXE8S6A.19","action":"GetUpdates", "result":"DeleteReceived", "context":{"id":"0b1f6b9d-b52f-4120-a7a6-453cf9cf2ca9", "isDeleted:":"true", "version":"1677993428119"}}
{"logTime": "0305/130300", "correlationVector":"i0j43nL14SaVbvGtXE8S6A.20","action":"GetUpdates Response", "result":"SYNCER_OK", "context":Received 99 update(s). cV=i0j43nL14SaVbvGtXE8S6A.0;server=general01000015;cloudType=Consumer;environment=Prod_SoutheastAsia_000j}
{"logTime": "0305/130300", "correlationVector":"nz1/K2pP2CHWBhiKI+DhoK","action":"Normal GetUpdate request", "result":"", "context":cV=nz1/K2pP2CHWBhiKI+DhoK
Nudged types: Sessions, Device Info
Refresh requested types: Bookmarks, Preferences, Passwords, Autofill Profiles, Autofill, Autofill Custom Data, Typed URLs, Extensions, Sessions, Extension settings, History Delete Directives, Device Info, User Consents, Send Tab To Self, Web Apps, Collection, Edge E Drop, Encryption Keys}
{"logTime": "0305/130300", "correlationVector":"nz1/K2pP2CHWBhiKI+DhoK.1","action":"SyncServerConnectionManagerRequest", "result":"SYNC_SERVER_OK", "context":{"environment":"Prod_SoutheastAsia_000j", "server":"general01000003"}}
{"logTime": "0305/130300", "correlationVector":"nz1/K2pP2CHWBhiKI+DhoK.2","action":"GetUpdates Response", "result":"SERVER_MORE_TO_DOWNLOAD", "context":Received 1 update(s).  Some updates remain.}
{"logTime": "0305/130300", "correlationVector":"ndNwwEFjtYlnzZbw2e3jTW","action":"Normal GetUpdate request", "result":"", "context":cV=ndNwwEFjtYlnzZbw2e3jTW
Nudged types: Sessions, Device Info
Refresh requested types: Bookmarks, Preferences, Passwords, Autofill Profiles, Autofill, Autofill Custom Data, Typed URLs, Extensions, Sessions, Extension settings, History Delete Directives, Device Info, User Consents, Send Tab To Self, Web Apps, Collection, Edge E Drop, Encryption Keys}
{"logTime": "0305/130301", "correlationVector":"ndNwwEFjtYlnzZbw2e3jTW.1","action":"SyncServerConnectionManagerRequest", "result":"SYNC_SERVER_OK", "context":{"environment":"Prod_SoutheastAsia_000j", "server":"general0100001A"}}
{"logTime": "0305/130301", "correlationVector":"ndNwwEFjtYlnzZbw2e3jTW.2","action":"GetUpdates Response", "result":"SYNCER_OK", "context":Received 0 update(s). cV=ndNwwEFjtYlnzZbw2e3jTW.0;server=general0100001A;cloudType=Consumer;environment=Prod_SoutheastAsia_000j}
{"logTime": "0305/130301", "correlationVector":"YPjmVNG1Ii0qE9pv+zX7Be","action":"Commit Request", "result":"", "context":Item count: 1
Contributing types: Device Info}
{"logTime": "0305/130301", "correlationVector":"YPjmVNG1Ii0qE9pv+zX7Be.1","action":"SyncServerConnectionManagerRequest", "result":"SYNC_SERVER_OK", "context":{"environment":"Prod_SoutheastAsia_000j", "server":"general01000005"}}
{"logTime": "0305/130301", "correlationVector":"YPjmVNG1Ii0qE9pv+zX7Be.2","action":"Commit Response", "result":"SYNCER_OK", "context":Result: SYNCER_OK. cV=YPjmVNG1Ii0qE9pv+zX7Be.0;server=general01000005;cloudType=Consumer;environment=Prod_SoutheastAsia_000j}
{"logTime": "0305/130301", "correlationVector":"k64etOiSSDi5Bs04b7FpXR","action":"Commit Request", "result":"", "context":Item count: 2
Contributing types: Sessions}
{"logTime": "0305/130301", "correlationVector":"k64etOiSSDi5Bs04b7FpXR.1","action":"SyncServerConnectionManagerRequest", "result":"SYNC_SERVER_OK", "context":{"environment":"Prod_SoutheastAsia_000j", "server":"general0100001E"}}
{"logTime": "0305/130301", "correlationVector":"k64etOiSSDi5Bs04b7FpXR.2","action":"Commit Response", "result":"SYNCER_OK", "context":Result: SYNCER_OK. cV=k64etOiSSDi5Bs04b7FpXR.0;server=general0100001E;cloudType=Consumer;environment=Prod_SoutheastAsia_000j}
{"logTime": "0305/130354", "correlationVector":"F4TLxY5H2fWUvNPxojNYaZ.0","action":"FeedSettingFetch_homeCloud", "result":"0", "context":{}}
{"logTime": "0305/130354", "correlationVector":"23TydPnQBMUZwWD5zlAkRf.1","action":"SyncServerConnectionManagerRequest", "result":"SYNC_SERVER_OK", "context":{"environment":"Prod_SoutheastAsia_000j", "server":"general01000000"}}
{"logTime": "0305/130354", "correlationVector":"23TydPnQBMUZwWD5zlAkRf","action":"Initial GetUpdates", "result":"", "context":Reason: NEW_CLIENT. cV=23TydPnQBMUZwWD5zlAkRf}
{"logTime": "0305/130354", "correlationVector":"23TydPnQBMUZwWD5zlAkRf.2","action":"GetUpdates Response", "result":"SYNCER_OK", "context":Received 1 update(s). cV=23TydPnQBMUZwWD5zlAkRf.0;server=general01000000;cloudType=Consumer;environment=Prod_SoutheastAsia_000j}
{"logTime": "0305/130354", "correlationVector":"0rRRXniqnBXoWD7LsRsdrD","action":"Normal GetUpdate request", "result":"", "context":cV=0rRRXniqnBXoWD7LsRsdrD
Nudged types: Sessions, User Consents
Refresh requested types: Bookmarks, Preferences, Autofill Custom Data, Typed URLs, Extensions, Sessions, Extension settings, History Delete Directives, Device Info, User Consents, Send Tab To Self, Web Apps, Collection, Edge E Drop, Encryption Keys}
{"logTime": "0305/130354", "correlationVector":"0rRRXniqnBXoWD7LsRsdrD.1","action":"SyncServerConnectionManagerRequest", "result":"SYNC_SERVER_OK", "context":{"environment":"Prod_SoutheastAsia_000j", "server":"general0100000J"}}
{"logTime": "0305/130354", "correlationVector":"0rRRXniqnBXoWD7LsRsdrD.2","action":"GetUpdates", "result":"DeleteReceived", "context":{"id":"13d0d4a2-f64b-494c-9fda-b64905f4fb32", "isDeleted:":"true", "version":"1677412499706"}}
{"logTime": "0305/130354", "correlationVector":"0rRRXniqnBXoWD7LsRsdrD.3","action":"GetUpdates", "result":"DeleteReceived", "context":{"id":"083a3842-709e-4912-9462-daf63ec0fd7a", "isDeleted:":"true", "version":"1677412499707"}}
{"logTime": "0305/130354", "correlationVector":"0rRRXniqnBXoWD7LsRsdrD.4","action":"GetUpdates", "result":"DeleteReceived", "context":{"id":"6e83dce0-ae52-47ff-bec6-b3580fdffba7", "isDeleted:":"true", "version":"1677583102564"}}
{"logTime": "0305/130354", "correlationVector":"0rRRXniqnBXoWD7LsRsdrD.5","action":"GetUpdates", "result":"DeleteReceived", "context":{"id":"839d5d24-0f50-4cb9-bd2f-bd0641de15f0", "isDeleted:":"true", "version":"1677583180664"}}
{"logTime": "0305/130354", "correlationVector":"0rRRXniqnBXoWD7LsRsdrD.6","action":"GetUpdates", "result":"DeleteReceived", "context":{"id":"2c9e0479-1fdc-476a-9b35-e4e99de73822", "isDeleted:":"true", "version":"1677598171899"}}
{"logTime": "0305/130354", "correlationVector":"0rRRXniqnBXoWD7LsRsdrD.7","action":"GetUpdates", "result":"DeleteReceived", "context":{"id":"cc55fc24-2e40-4ca3-8db6-5e2a958a1012", "isDeleted:":"true", "version":"1677598826397"}}
{"logTime": "0305/130354", "correlationVector":"0rRRXniqnBXoWD7LsRsdrD.8","action":"GetUpdates", "result":"DeleteReceived", "context":{"id":"5c5c3daa-3024-488e-821a-61fd7f6e90a4", "isDeleted:":"true", "version":"1677647549971"}}
{"logTime": "0305/130354", "correlationVector":"0rRRXniqnBXoWD7LsRsdrD.9","action":"GetUpdates", "result":"DeleteReceived", "context":{"id":"e2daef5e-b885-4a7b-8882-3a4f98fc9f8d", "isDeleted:":"true", "version":"1677647636627"}}
{"logTime": "0305/130354", "correlationVector":"0rRRXniqnBXoWD7LsRsdrD.10","action":"GetUpdates", "result":"DeleteReceived", "context":{"id":"f2a6500a-5d57-43f9-910f-4512bd2db3e8", "isDeleted:":"true", "version":"1677647794946"}}
{"logTime": "0305/130354", "correlationVector":"0rRRXniqnBXoWD7LsRsdrD.11","action":"GetUpdates", "result":"DeleteReceived", "context":{"id":"b24ba06f-b3ba-4d17-9261-ce1d99b1616c", "isDeleted:":"true", "version":"1677648020605"}}
{"logTime": "0305/130354", "correlationVector":"0rRRXniqnBXoWD7LsRsdrD.12","action":"GetUpdates", "result":"DeleteReceived", "context":{"id":"f4f986b2-fbd8-493b-8367-b140ea1d5d89", "isDeleted:":"true", "version":"1677648097782"}}
{"logTime": "0305/130354", "correlationVector":"0rRRXniqnBXoWD7LsRsdrD.13","action":"GetUpdates", "result":"DeleteReceived", "context":{"id":"69224e70-9943-4426-abb4-7ca3dfdf0205", "isDeleted:":"true", "version":"1677762905633"}}
{"logTime": "0305/130354", "correlationVector":"0rRRXniqnBXoWD7LsRsdrD.14","action":"GetUpdates", "result":"DeleteReceived", "context":{"id":"87f99e4d-5423-42cd-9c80-a58b95cb75c2", "isDeleted:":"true", "version":"1677764321721"}}
{"logTime": "0305/130354", "correlationVector":"0rRRXniqnBXoWD7LsRsdrD.15","action":"GetUpdates", "result":"DeleteReceived", "context":{"id":"3a5a87fc-7fd4-4ff3-95c5-b99c61795ee3", "isDeleted:":"true", "version":"1677764679919"}}
{"logTime": "0305/130354", "correlationVector":"0rRRXniqnBXoWD7LsRsdrD.16","action":"GetUpdates", "result":"DeleteReceived", "context":{"id":"935ce472-e73e-4b7b-be1c-e24ba307b081", "isDeleted:":"true", "version":"1677849332916"}}
{"logTime": "0305/130354", "correlationVector":"0rRRXniqnBXoWD7LsRsdrD.17","action":"GetUpdates", "result":"DeleteReceived", "context":{"id":"5ebabc4e-bdff-44fe-88e7-300a7185b575", "isDeleted:":"true", "version":"1677940371737"}}
{"logTime": "0305/130354", "correlationVector":"0rRRXniqnBXoWD7LsRsdrD.18","action":"GetUpdates", "result":"DeleteReceived", "context":{"id":"7f835d01-5e54-4671-a2fb-0280acf25aa6", "isDeleted:":"true", "version":"1677993428118"}}
{"logTime": "0305/130354", "correlationVector":"0rRRXniqnBXoWD7LsRsdrD.19","action":"GetUpdates", "result":"DeleteReceived", "context":{"id":"0b1f6b9d-b52f-4120-a7a6-453cf9cf2ca9", "isDeleted:":"true", "version":"1677993428119"}}
{"logTime": "0305/130354", "correlationVector":"0rRRXniqnBXoWD7LsRsdrD.20","action":"GetUpdates Response", "result":"SYNCER_OK", "context":Received 61 update(s). cV=0rRRXniqnBXoWD7LsRsdrD.0;server=general0100000J;cloudType=Consumer;environment=Prod_SoutheastAsia_000j}
{"logTime": "0305/130354", "correlationVector":"SxYWq9zKve5y06awrJrKu9","action":"Commit Request", "result":"", "context":Item count: 4
Contributing types: Sessions, User Consents}
{"logTime": "0305/130354", "correlationVector":"SxYWq9zKve5y06awrJrKu9.1","action":"SyncServerConnectionManagerRequest", "result":"SYNC_SERVER_OK", "context":{"environment":"Prod_SoutheastAsia_000j", "server":"general0100001B"}}
{"logTime": "0305/130354", "correlationVector":"SxYWq9zKve5y06awrJrKu9.3","action":"Commit.Sessions", "result":"Success", "context":{"id":"6f477b65-dbaf-422c-8264-c63e4c24e072", "isDeleted":"true", "size":"0", "version":"1678021381181"}}
{"logTime": "0305/130354", "correlationVector":"SxYWq9zKve5y06awrJrKu9.2","action":"Commit Response", "result":"SYNCER_OK", "context":Result: SYNCER_OK. cV=SxYWq9zKve5y06awrJrKu9.0;server=general0100001B;cloudType=Consumer;environment=Prod_SoutheastAsia_000j}
